(60000, 3)
(60000,)
13.844240624923259
66.54309781000484

------------------------------------------------------------
Sender: LSF System <lsfadmin@hpc.dtu.dk>
Subject: Job 21719183: <gp_jax> in cluster <dcc> Done

Job <gp_jax> was submitted from host <n-62-20-1> by user <pekra> in cluster <dcc> at Fri May 10 14:37:31 2024
Job was executed on host(s) <8*n-62-20-11>, in queue <gpuv100>, as user <pekra> in cluster <dcc> at Fri May 10 14:37:33 2024
</zhome/ab/b/200750> was used as the home directory.
</zhome/ab/b/200750/projects/project-lanczos-adjoints/matfree-extensions> was used as the working directory.
Started at Fri May 10 14:37:33 2024
Terminated at Fri May 10 16:34:08 2024
Results reported at Fri May 10 16:34:08 2024

Your job looked like:

------------------------------------------------------------
# LSBATCH: User input
#!/bin/bash
#BSUB -q gpuv100
#BSUB -J gp_jax
#BSUB -n 8
#BSUB -gpu "num=1:mode=exclusive_process"
#BSUB -W 24:00
#BSUB -R "select[gpu32gb]"
#BSUB -R "rusage[mem=10GB]"
#BSUB -R "span[hosts=1]"
#BSUB -o gp_jax-%J.out
#BSUB -e gp_jax-%J.err

### Load the cuda module
module load cuda/12.4
source ../penv/bin/activate

python experiments/applications/gaussian_process/error_metrics/gp_jax_test.py

------------------------------------------------------------

Successfully completed.

Resource usage summary:

    CPU time :                                   6917.08 sec.
    Max Memory :                                 1110 MB
    Average Memory :                             1086.82 MB
    Total Requested Memory :                     81920.00 MB
    Delta Memory :                               80810.00 MB
    Max Swap :                                   -
    Max Processes :                              4
    Max Threads :                                44
    Run time :                                   7037 sec.
    Turnaround time :                            6997 sec.

The output (if any) is above this job summary.



PS:

Read file <gp_jax-21719183.err> for stderr output of this job.
